<?xml version="1.0" encoding="UTF-8"?>
<testng-results ignored="0" total="1" passed="1" failed="0" skipped="0">
  <reporter-output>
  </reporter-output>
  <suite started-at="2024-05-01T16:49:04 IST" name="Default suite" finished-at="2024-05-01T16:49:22 IST" duration-ms="18670">
    <groups>
    </groups>
    <test started-at="2024-05-01T16:49:04 IST" name="Default test" finished-at="2024-05-01T16:49:22 IST" duration-ms="18670">
      <class name="com.myteststore.testcases.LoginTest">
        <test-method is-config="true" signature="setUp()[pri:0, instance:com.myteststore.testcases.LoginTest@1de5f259]" started-at="2024-05-01T16:49:04 IST" name="setUp" finished-at="2024-05-01T16:49:16 IST" duration-ms="11993" status="PASS">
          <reporter-output>
          </reporter-output>
        </test-method> <!-- setUp -->
        <test-method signature="testcase1()[pri:0, instance:com.myteststore.testcases.LoginTest@1de5f259]" started-at="2024-05-01T16:49:16 IST" name="testcase1" finished-at="2024-05-01T16:49:22 IST" duration-ms="6089" status="PASS">
          <reporter-output>
          </reporter-output>
        </test-method> <!-- testcase1 -->
        <test-method is-config="true" signature="tearDown()[pri:0, instance:com.myteststore.testcases.LoginTest@1de5f259]" started-at="2024-05-01T16:49:22 IST" name="tearDown" finished-at="2024-05-01T16:49:22 IST" duration-ms="512" status="PASS">
          <reporter-output>
          </reporter-output>
        </test-method> <!-- tearDown -->
      </class> <!-- com.myteststore.testcases.LoginTest -->
    </test> <!-- Default test -->
  </suite> <!-- Default suite -->
</testng-results>
