<?xml version="1.0" encoding="UTF-8"?>
<testng-results ignored="0" total="1" passed="1" failed="0" skipped="0">
  <reporter-output>
  </reporter-output>
  <suite started-at="2024-06-21T13:46:30 IST" name="Default suite" finished-at="2024-06-21T13:46:49 IST" duration-ms="18630">
    <groups>
    </groups>
    <test started-at="2024-06-21T13:46:30 IST" name="Default test" finished-at="2024-06-21T13:46:49 IST" duration-ms="18630">
      <class name="com.myteststore.testcases.LoginTest">
        <test-method is-config="true" signature="beforeSuite()[pri:0, instance:com.myteststore.testcases.LoginTest@13fd2ccd]" started-at="2024-06-21T13:46:30 IST" name="beforeSuite" finished-at="2024-06-21T13:46:30 IST" duration-ms="448" status="PASS">
          <reporter-output>
          </reporter-output>
        </test-method> <!-- beforeSuite -->
        <test-method is-config="true" signature="setUp()[pri:0, instance:com.myteststore.testcases.LoginTest@13fd2ccd]" started-at="2024-06-21T13:46:30 IST" name="setUp" finished-at="2024-06-21T13:46:36 IST" duration-ms="5962" status="PASS">
          <reporter-output>
          </reporter-output>
        </test-method> <!-- setUp -->
        <test-method signature="loginTest(java.lang.String,java.lang.String)[pri:0, instance:com.myteststore.testcases.LoginTest@13fd2ccd]" started-at="2024-06-21T13:46:37 IST" name="loginTest" data-provider="LogIn" finished-at="2024-06-21T13:46:49 IST" duration-ms="11185" status="PASS">
          <params>
            <param index="0">
              <value>
                <![CDATA[testautomationqa@gmail.com]]>
              </value>
            </param>
            <param index="1">
              <value>
                <![CDATA[Test@123]]>
              </value>
            </param>
          </params>
          <reporter-output>
          </reporter-output>
        </test-method> <!-- loginTest -->
        <test-method is-config="true" signature="tearDown()[pri:0, instance:com.myteststore.testcases.LoginTest@13fd2ccd]" started-at="2024-06-21T13:46:49 IST" name="tearDown" finished-at="2024-06-21T13:46:49 IST" duration-ms="386" status="PASS">
          <reporter-output>
          </reporter-output>
        </test-method> <!-- tearDown -->
        <test-method is-config="true" signature="afterSuite()[pri:0, instance:com.myteststore.testcases.LoginTest@13fd2ccd]" started-at="2024-06-21T13:46:49 IST" name="afterSuite" finished-at="2024-06-21T13:46:50 IST" duration-ms="628" status="PASS">
          <reporter-output>
          </reporter-output>
        </test-method> <!-- afterSuite -->
      </class> <!-- com.myteststore.testcases.LoginTest -->
    </test> <!-- Default test -->
  </suite> <!-- Default suite -->
</testng-results>
